<?xml version="1.0" encoding="UTF-8"?>
<!-- Generated by org.testng.reporters.JUnitReportReporter -->
<testsuite hostname="Princes-MacBook-Pro.local" name="test.loginpagetest" tests="2" failures="0" timestamp="11 Mar 2016 23:24:20 GMT" time="20.127" errors="0">
  <testcase name="loginTestPositive" time="1.101" classname="test.loginpagetest"/>
  <testcase name="loginTestNegative" time="19.026" classname="test.loginpagetest"/>
</testsuite> <!-- test.loginpagetest -->
